Resolving dependencies...
Downloading packages...
  _fe_analyzer_shared 67.0.0 (95.0.0 available)
  analyzer 6.4.1 (10.1.0 available)
  build 2.4.1 (4.0.4 available)
  build_config 1.1.2 (1.2.0 available)
  build_resolvers 2.4.2 (3.0.4 available)
  build_runner 2.4.13 (2.11.1 available)
  build_runner_core 7.3.2 (9.3.2 available)
  dart_style 2.3.6 (3.1.5 available)
  device_info_plus 10.1.2 (12.3.0 available)
  fl_chart 0.67.0 (1.1.1 available)
  flutter_lints 4.0.0 (6.0.0 available)
  flutter_riverpod 2.6.1 (3.2.1 available)
  google_fonts 6.3.3 (8.0.2 available)
  intl 0.19.0 (0.20.2 available)
  lints 4.0.0 (6.1.0 available)
  meta 1.17.0 (1.18.1 available)
  permission_handler 11.4.0 (12.0.1 available)
  permission_handler_android 12.1.0 (13.0.1 available)
  riverpod 2.6.1 (3.2.1 available)
  shelf_web_socket 2.0.1 (3.0.0 available)
  source_gen 1.5.0 (4.2.0 available)
  source_helper 1.3.5 (1.3.10 available)
  win32_registry 1.1.5 (2.1.0 available)
Got dependencies!
23 packages have newer versions incompatible with dependency constraints.
Try `flutter pub outdated` for more information.
Running Gradle task 'assembleDebug'...                          
lib/core/ble/ble_manager.dart:224:58: Error: Too many positional arguments: 0 allowed, but 6 found.
Try removing the extra positional arguments.
    final r = await _plugin.setDeviceHealthMonitoringMode(
                                                         ^
lib/core/ble/ble_manager.dart:236:63: Error: Too many positional arguments: 0 allowed, but 6 found.
Try removing the extra positional arguments.
    final r = await _plugin.setDeviceTemperatureMonitoringMode(
                                                              ^
lib/features/health_metrics/metrics_screen.dart:149:100: Error: Member not found: 'temperature'.
                      await BleManager.instance.startMeasure(DeviceAppControlMeasureHealthDataType.temperature);
                                                                                          ^^^^^^^^^^^
Target kernel_snapshot_program failed: Exception


FAILURE: Build failed with an exception.

* What went wrong:
Execution failed for task ':app:compileFlutterBuildDebug'.
> Process 'command 'C:\flutter\bin\flutter.bat'' finished with non-zero exit value 1

* Try:
> Run with --stacktrace option to get the stack trace.
> Run with --info or --debug option to get more log output.
> Run with --scan to get full insights.
> Get more help at https://help.gradle.org.

BUILD FAILED in 4s
Running Gradle task 'assembleDebug'...                              4.5s
Gradle task assembleDebug failed with exit code 1
